<?xml version="1.0" encoding="UTF-8"?>
<!-- Generated by org.testng.reporters.JUnitReportReporter -->
<testsuite hostname="DESKTOP-35AANRJ" failures="0" tests="2" name="TestNG.Example2" time="0.018" errors="0" timestamp="2023-04-11T17:11:19 IST" skipped="0">
  <testcase classname="TestNG.Example2" name="secondTest" time="0.007"/>
  <system-out/>
  <testcase classname="TestNG.Example2" name="ThirdTest" time="0.011"/>
  <system-out/>
</testsuite> <!-- TestNG.Example2 -->
