<?xml version="1.0" encoding="UTF-8"?>
<!-- Generated by org.testng.reporters.JUnitReportReporter -->
<testsuite hostname="DESKTOP-35AANRJ" failures="0" tests="1" name="TestNG.Example1" time="0.008" errors="0" timestamp="2023-04-11T16:30:21 IST" skipped="0">
  <testcase classname="TestNG.Example1" name="loginthroughphone" time="0.008"/>
  <system-out/>
</testsuite> <!-- TestNG.Example1 -->
