<?xml version="1.0" encoding="UTF-8"?>
<!-- Generated by org.testng.reporters.JUnitReportReporter -->
<testsuite hostname="DESKTOP-35AANRJ" failures="0" tests="2" name="TestNG.Example3" time="0.012" errors="0" timestamp="2023-04-11T16:40:33 IST" skipped="0">
  <testcase classname="TestNG.Example3" name="ThirdTest" time="0.011"/>
  <system-out/>
  <testcase classname="TestNG.Example3" name="FourthTest" time="0.001"/>
  <system-out/>
</testsuite> <!-- TestNG.Example3 -->
