<?xml version="1.0" encoding="UTF-8"?>
<!-- Generated by org.testng.reporters.JUnitReportReporter -->
<testsuite hostname="DESKTOP-35AANRJ" failures="0" tests="2" name="TestNG.DataProviders" time="0.009" errors="0" timestamp="2023-04-12T10:52:56 IST" skipped="0">
  <testcase classname="TestNG.DataProviders" name="dataProvExample" time="0.001"/>
  <system-out/>
  <testcase classname="TestNG.DataProviders" name="dataProvExample" time="0.008"/>
  <system-out/>
</testsuite> <!-- TestNG.DataProviders -->
